<?xml version="1.0" encoding="UTF-8"?>
<testsuite name="Scenario: User can create a new playlist" tests="8" skipped="0" failures="0" errors="0" timestamp="2022-12-01T02:25:53" hostname="hanifas-MacBook-Pro.local" time="13.717">
  <properties/>
  <testcase name="Given user open Youtube Music homepage" classname="Scenario: User can create a new playlist" time="0.0"/>
  <testcase name="And user see Music Youtube Home page" classname="Scenario: User can create a new playlist" time="0.0"/>
  <testcase name="And user Hanifa login using user hanifanur.test and password hanifatest" classname="Scenario: User can create a new playlist" time="0.0"/>
  <testcase name="And user go to https://music.youtube.com/library/playlists" classname="Scenario: User can create a new playlist" time="0.0"/>
  <testcase name="When user create a New Playlist" classname="Scenario: User can create a new playlist" time="0.0"/>
  <testcase name="And user verify the new created playlist" classname="Scenario: User can create a new playlist" time="0.0"/>
  <testcase name="And user close browser" classname="Scenario: User can create a new playlist" time="0.0"/>
  <testcase name="classMethod" classname="Scenario: User can create a new playlist" time="17.503"/>
  <system-out><![CDATA[]]></system-out>
  <system-err><![CDATA[Starting ChromeDriver 106.0.5249.61 (511755355844955cd3e264779baf0dd38212a4d0-refs/branch-heads/5249@{#569}) on port 43543
Only local connections are allowed.
Please see https://chromedriver.chromium.org/security-considerations for suggestions on keeping ChromeDriver safe.
ChromeDriver was started successfully.
[1669861550.756][WARNING]: This version of ChromeDriver has not been tested with Chrome version 107.
Dec 01, 2022 9:25:50 AM org.openqa.selenium.remote.ProtocolHandshake createSession
INFO: Detected dialect: W3C
]]></system-err>
</testsuite>
